{
  "stats": {
    "suites": 1,
    "tests": 1,
    "passes": 1,
    "pending": 0,
    "failures": 0,
    "start": "2024-05-13T18:43:56.288Z",
    "end": "2024-05-13T18:44:45.654Z",
    "duration": 49366,
    "testsRegistered": 1,
    "passPercent": 100,
    "pendingPercent": 0,
    "other": 0,
    "hasOther": false,
    "skipped": 0,
    "hasSkipped": false
  },
  "results": [
    {
      "uuid": "5be9285f-d236-4257-ad07-281e35e22194",
      "title": "",
      "fullFile": "cypress\\e2e\\TestCases\\Provider_Login\\Provider_Login.cy.js",
      "file": "cypress\\e2e\\TestCases\\Provider_Login\\Provider_Login.cy.js",
      "beforeHooks": [],
      "afterHooks": [],
      "tests": [],
      "suites": [
        {
          "uuid": "2d934005-2f48-4cda-9816-e344c4e75c3d",
          "title": "Provider Logins:",
          "fullFile": "",
          "file": "",
          "beforeHooks": [],
          "afterHooks": [],
          "tests": [
            {
              "title": "Logs in with valid credentials",
              "fullTitle": "Provider Logins: Logs in with valid credentials",
              "timedOut": null,
              "duration": 46240,
              "state": "passed",
              "speed": "slow",
              "pass": true,
              "fail": false,
              "pending": false,
              "context": null,
              "code": "cy.fixture('Provider_login').then(data => {\n  Login_Credentials.email(data.email);\n  Login_Credentials.password(data.password);\n  Login_Credentials.LoginButton();\n  cy.wait(4000);\n});",
              "err": {},
              "uuid": "f913bf50-e777-4885-9502-e1e4a5738f9d",
              "parentUUID": "2d934005-2f48-4cda-9816-e344c4e75c3d",
              "isHook": false,
              "skipped": false
            }
          ],
          "suites": [],
          "passes": [
            "f913bf50-e777-4885-9502-e1e4a5738f9d"
          ],
          "failures": [],
          "pending": [],
          "skipped": [],
          "duration": 46240,
          "root": false,
          "rootEmpty": false,
          "_timeout": 2000
        }
      ],
      "passes": [],
      "failures": [],
      "pending": [],
      "skipped": [],
      "duration": 0,
      "root": true,
      "rootEmpty": true,
      "_timeout": 2000
    }
  ],
  "meta": {
    "mocha": {
      "version": "7.0.1"
    },
    "mochawesome": {
      "options": {
        "quiet": false,
        "reportFilename": "mochawesome",
        "saveHtml": true,
        "saveJson": true,
        "consoleReporter": "spec",
        "useInlineDiffs": false,
        "code": true
      },
      "version": "7.1.3"
    },
    "marge": {
      "options": {
        "id": "default",
        "reportDir": "cypress/reports/mochawesome/testresults",
        "overwrite": true,
        "html": true,
        "json": true
      },
      "version": "6.2.0"
    }
  }
}